Arguments: 
  C:\Program Files\nodejs\node.exe C:\Program Files\nodejs\node_modules\yarn\bin\yarn.js

PATH: 
  C:\Windows\system32;C:\Windows;C:\Windows\System32\Wbem;C:\Windows\System32\WindowsPowerShell\v1.0\;C:\Windows\System32\OpenSSH\;C:\Program Files\Git\cmd;C:\Program Files (x86)\NVIDIA Corporation\PhysX\Common;C:\Users\yiyiooo\AppData\Roaming\nvm;C:\Program Files\nodejs;C:\Program Files\NVIDIA Corporation\NVIDIA NvDLISR;C:\Program Files\dotnet\;D:\Program Files\Microsoft SQL Server\Client SDK\ODBC\170\Tools\Binn\;D:\Program Files\Microsoft SQL Server\150\Tools\Binn\;D:\Runtime\ffmpeg\bin;C:\Program Files\Go\bin;C:\Program Files (x86)\Tencent\微信web开发者工具\dll;D:\Runtime\apache-maven-3.6.3\bin;C:\WINDOWS\system32;C:\WINDOWS;C:\WINDOWS\System32\Wbem;C:\WINDOWS\System32\WindowsPowerShell\v1.0\;C:\WINDOWS\System32\OpenSSH\;C:\Program Files\Microsoft Network Monitor 3\;C:\Users\yiyiooo\AppData\Local\Programs\Python\Python311\Scripts\;C:\Users\yiyiooo\AppData\Local\Programs\Python\Python311\;C:\Users\yiyiooo\.cargo\bin;C:\Users\yiyiooo\AppData\Local\Microsoft\WindowsApps;C:\Program Files\Bandizip\;C:\Users\yiyiooo\AppData\Local\Programs\Microsoft VS Code Insiders\bin;C:\Users\yiyiooo\AppData\Roaming\nvm;C:\Program Files\nodejs;D:\Runtime\flutter\bin;C:\Users\yiyiooo\AppData\Local\Android\Sdk\platform-tools;D:\tools\adb-fastboot;C:\Users\yiyiooo\.dotnet\tools;C:\Users\yiyiooo\go\bin;C:\Program Files\JetBrains\GoLand 2022.1.3\bin;;D:\apps\超分辨率;C:\Program Files\Java\jdk1.8.0_131\bin;

Yarn version: 
  1.22.19

Node version: 
  14.17.6

Platform: 
  win32 x64

Trace: 
  Error: read ECONNRESET
      at TLSWrap.onStreamRead (internal/stream_base_commons.js:209:20)

npm manifest: 
  {
    "name": "ai-disktop-image",
    "version": "1.0.0",
    "main": "getTag.js",
    "license": "MIT",
    "dependencies": {
      "axios": "^1.1.3",
      "cheerio": "^1.0.0-rc.12",
      "eslint": "^8.25.0",
      "sha1": "^1.1.1",
      "shelljs": "^0.8.5"
    }
  }

yarn manifest: 
  No manifest

Lockfile: 
  No lockfile
